<?xml version="1.0" encoding="UTF-8"?>
<!-- Generated by org.testng.reporters.JUnitReportReporter -->
<testsuite skipped="0" hostname="Sijos-Air" name="testng.LivLogingTestingAndroid" tests="1" failures="0" timestamp="2022-07-13T19:05:51 GST" time="33.147" errors="0">
  <testcase name="validlogin" time="33.147" classname="testng.LivLogingTestingAndroid"/>
  <system-out/>
</testsuite> <!-- testng.LivLogingTestingAndroid -->
