<?xml version="1.0" encoding="UTF-8"?>
<!-- Generated by org.testng.reporters.JUnitReportReporter -->
<testsuite skipped="0" hostname="Sijos-Air" name="Android6.Android6june.Androidconnect" tests="1" failures="0" timestamp="2022-06-08T19:09:48 GST" time="21.462" errors="0">
  <testcase name="anddriver" time="21.462" classname="Android6.Android6june.Androidconnect"/>
  <system-out/>
</testsuite> <!-- Android6.Android6june.Androidconnect -->
