<?xml version="1.0" encoding="UTF-8"?>
<!-- Generated by org.testng.reporters.JUnitReportReporter -->
<testsuite skipped="0" hostname="Sijos-Air" name="Android6.Android6june.Loginwithvalidcredential" tests="1" failures="0" timestamp="2022-06-09T23:25:19 GST" time="29.841" errors="0">
  <testcase name="login" time="29.841" classname="Android6.Android6june.Loginwithvalidcredential"/>
  <system-out/>
</testsuite> <!-- Android6.Android6june.Loginwithvalidcredential -->
