<?xml version="1.0" encoding="UTF-8"?>
<!-- Generated by org.testng.reporters.JUnitReportReporter -->
<testsuite skipped="0" hostname="Sijos-Air" name="testng.androidlogintestng" tests="1" failures="0" timestamp="2022-07-07T17:45:47 GST" time="31.839" errors="0">
  <testcase name="validlogin" time="31.839" classname="testng.androidlogintestng"/>
  <system-out/>
</testsuite> <!-- testng.androidlogintestng -->
